# JRE version: Java(TM) SE Runtime Environment (21.0.10+8) (build 21.0.10+8-LTS-217)
# Java VM: Java HotSpot(TM) 64-Bit Server VM (21.0.10+8-LTS-217, mixed mode, sharing, tiered, compressed oops, compressed class ptrs, g1 gc, windows-amd64)
GC Precious Log:
 CardTable entry size: 512
 Card Set container configuration: InlinePtr #cards 5 size 8 Array Of Cards #cards 12 size 40 Howl #buckets 4 coarsen threshold 1843 Howl Bitmap #cards 512 size 80 coarsen threshold 460 Card regions per heap region 1 cards per card region 2048
 CPUs: 8 total, 8 available
 Memory: 8067M
 Large Page Support: Disabled
 NUMA Support: Disabled
 Compressed Oops: Enabled (32-bit)
 Heap Region Size: 1M
 Heap Min Capacity: 8M
 Heap Initial Capacity: 128M
 Heap Max Capacity: 2018M
 Pre-touch: Disabled
 Parallel Workers: 8
 Concurrent Workers: 2
 Concurrent Refinement Workers: 8
 Periodic GC: Disabled
Heap:
 garbage-first heap   total 66560K, used 56434K [0x0000000081e00000, 0x0000000100000000)
  region size 1024K, 33 young (33792K), 3 survivors (3072K)
 Metaspace       used 71111K, committed 71808K, reserved 1114112K
  class space    used 9860K, committed 10176K, reserved 1048576K
GC Heap History (20 events):
Event: 1.973 GC heap before
{Heap before GC invocations=1 (full 0):
 garbage-first heap   total 131072K, used 34943K [0x0000000081e00000, 0x0000000100000000)
  region size 1024K, 30 young (30720K), 3 survivors (3072K)
 Metaspace       used 14139K, committed 14592K, reserved 1114112K
  class space    used 1733K, committed 1920K, reserved 1048576K
}
Event: 1.981 GC heap after
{Heap after GC invocations=2 (full 0):
 garbage-first heap   total 131072K, used 10843K [0x0000000081e00000, 0x0000000100000000)
  region size 1024K, 3 young (3072K), 3 survivors (3072K)
 Metaspace       used 14139K, committed 14592K, reserved 1114112K
  class space    used 1733K, committed 1920K, reserved 1048576K
}
Event: 2.911 GC heap before
{Heap before GC invocations=2 (full 0):
 garbage-first heap   total 131072K, used 50779K [0x0000000081e00000, 0x0000000100000000)
  region size 1024K, 44 young (45056K), 3 survivors (3072K)
 Metaspace       used 21120K, committed 21504K, reserved 1114112K
  class space    used 2567K, committed 2752K, reserved 1048576K
}
Event: 2.921 GC heap after
{Heap after GC invocations=3 (full 0):
 garbage-first heap   total 131072K, used 14411K [0x0000000081e00000, 0x0000000100000000)
  region size 1024K, 6 young (6144K), 6 survivors (6144K)
 Metaspace       used 21120K, committed 21504K, reserved 1114112K
  class space    used 2567K, committed 2752K, reserved 1048576K
}
Event: 3.837 GC heap before
{Heap before GC invocations=4 (full 0):
 garbage-first heap   total 55296K, used 41035K [0x0000000081e00000, 0x0000000100000000)
  region size 1024K, 32 young (32768K), 6 survivors (6144K)
 Metaspace       used 25931K, committed 26368K, reserved 1114112K
  class space    used 3226K, committed 3456K, reserved 1048576K
}
Event: 3.849 GC heap after
{Heap after GC invocations=5 (full 0):
 garbage-first heap   total 55296K, used 17339K [0x0000000081e00000, 0x0000000100000000)
  region size 1024K, 3 young (3072K), 3 survivors (3072K)
 Metaspace       used 25931K, committed 26368K, reserved 1114112K
  class space    used 3226K, committed 3456K, reserved 1048576K
}
Event: 4.706 GC heap before
{Heap before GC invocations=5 (full 0):
 garbage-first heap   total 55296K, used 42939K [0x0000000081e00000, 0x0000000100000000)
  region size 1024K, 28 young (28672K), 3 survivors (3072K)
 Metaspace       used 31654K, committed 32192K, reserved 1114112K
  class space    used 3919K, committed 4160K, reserved 1048576K
}
Event: 4.711 GC heap after
{Heap after GC invocations=6 (full 0):
 garbage-first heap   total 55296K, used 19875K [0x0000000081e00000, 0x0000000100000000)
  region size 1024K, 3 young (3072K), 3 survivors (3072K)
 Metaspace       used 31654K, committed 32192K, reserved 1114112K
  class space    used 3919K, committed 4160K, reserved 1048576K
}
Event: 5.162 GC heap before
{Heap before GC invocations=6 (full 0):
 garbage-first heap   total 55296K, used 33187K [0x0000000081e00000, 0x0000000100000000)
  region size 1024K, 17 young (17408K), 3 survivors (3072K)
 Metaspace       used 35568K, committed 36096K, reserved 1114112K
  class space    used 4509K, committed 4736K, reserved 1048576K
}
Event: 5.165 GC heap after
{Heap after GC invocations=7 (full 0):
 garbage-first heap   total 55296K, used 20895K [0x0000000081e00000, 0x0000000100000000)
  region size 1024K, 1 young (1024K), 1 survivors (1024K)
 Metaspace       used 35568K, committed 36096K, reserved 1114112K
  class space    used 4509K, committed 4736K, reserved 1048576K
}
Event: 5.856 GC heap before
{Heap before GC invocations=8 (full 0):
 garbage-first heap   total 55296K, used 44447K [0x0000000081e00000, 0x0000000100000000)
  region size 1024K, 25 young (25600K), 1 survivors (1024K)
 Metaspace       used 40977K, committed 41600K, reserved 1114112K
  class space    used 5528K, committed 5824K, reserved 1048576K
}
Event: 5.860 GC heap after
{Heap after GC invocations=9 (full 0):
 garbage-first heap   total 55296K, used 22701K [0x0000000081e00000, 0x0000000100000000)
  region size 1024K, 3 young (3072K), 3 survivors (3072K)
 Metaspace       used 40977K, committed 41600K, reserved 1114112K
  class space    used 5528K, committed 5824K, reserved 1048576K
}
Event: 6.480 GC heap before
{Heap before GC invocations=9 (full 0):
 garbage-first heap   total 55296K, used 45229K [0x0000000081e00000, 0x0000000100000000)
  region size 1024K, 26 young (26624K), 3 survivors (3072K)
 Metaspace       used 48766K, committed 49408K, reserved 1114112K
  class space    used 6426K, committed 6720K, reserved 1048576K
}
Event: 6.485 GC heap after
{Heap after GC invocations=10 (full 0):
 garbage-first heap   total 55296K, used 24122K [0x0000000081e00000, 0x0000000100000000)
  region size 1024K, 4 young (4096K), 4 survivors (4096K)
 Metaspace       used 48766K, committed 49408K, reserved 1114112K
  class space    used 6426K, committed 6720K, reserved 1048576K
}
Event: 7.017 GC heap before
{Heap before GC invocations=10 (full 0):
 garbage-first heap   total 55296K, used 45626K [0x0000000081e00000, 0x0000000100000000)
  region size 1024K, 26 young (26624K), 4 survivors (4096K)
 Metaspace       used 55908K, committed 56576K, reserved 1114112K
  class space    used 7504K, committed 7808K, reserved 1048576K
}
Event: 7.021 GC heap after
{Heap after GC invocations=11 (full 0):
 garbage-first heap   total 55296K, used 24903K [0x0000000081e00000, 0x0000000100000000)
  region size 1024K, 3 young (3072K), 3 survivors (3072K)
 Metaspace       used 55908K, committed 56576K, reserved 1114112K
  class space    used 7504K, committed 7808K, reserved 1048576K
}
Event: 7.399 GC heap before
{Heap before GC invocations=11 (full 0):
 garbage-first heap   total 55296K, used 39239K [0x0000000081e00000, 0x0000000100000000)
  region size 1024K, 18 young (18432K), 3 survivors (3072K)
 Metaspace       used 59932K, committed 60480K, reserved 1114112K
  class space    used 8129K, committed 8384K, reserved 1048576K
}
Event: 7.403 GC heap after
{Heap after GC invocations=12 (full 0):
 garbage-first heap   total 55296K, used 25657K [0x0000000081e00000, 0x0000000100000000)
  region size 1024K, 2 young (2048K), 2 survivors (2048K)
 Metaspace       used 59932K, committed 60480K, reserved 1114112K
  class space    used 8129K, committed 8384K, reserved 1048576K
}
Event: 7.993 GC heap before
{Heap before GC invocations=13 (full 0):
 garbage-first heap   total 55296K, used 48185K [0x0000000081e00000, 0x0000000100000000)
  region size 1024K, 24 young (24576K), 2 survivors (2048K)
 Metaspace       used 64388K, committed 65024K, reserved 1114112K
  class space    used 8736K, committed 9024K, reserved 1048576K
}
Event: 7.998 GC heap after
{Heap after GC invocations=14 (full 0):
 garbage-first heap   total 66560K, used 27762K [0x0000000081e00000, 0x0000000100000000)
  region size 1024K, 3 young (3072K), 3 survivors (3072K)
 Metaspace       used 64388K, committed 65024K, reserved 1114112K
  class space    used 8736K, committed 9024K, reserved 1048576K
}

